2019-10-13 11:16:12,897 INFO 20940 [egg:logger] init all loggers with options: {"dir":"C:\\mycode\\egg-example\\logs\\egg-example","encoding":"utf8","env":"local","level":"INFO","consoleLevel":"INFO","disableConsoleAfterReady":false,"outputJSON":false,"buffer":true,"appLogName":"egg-example-web.log","coreLogName":"egg-web.log","agentLogName":"egg-agent.log","errorLogName":"common-error.log","coreLogger":{"consoleLevel":"WARN"},"allowDebugAtProd":false,"type":"application"}
2019-10-13 11:16:12,924 INFO 20940 [egg-multipart] stream mode enable
2019-10-13 11:16:12,994 INFO 20940 [egg-static] starting static serve /public/ -> C:\mycode\egg-example\app\public
2019-10-13 11:16:12,998 INFO 20940 [egg-security] use csrf middleware
2019-10-13 11:16:12,999 INFO 20940 [egg-security] use methodnoallow middleware
2019-10-13 11:16:13,000 INFO 20940 [egg-security] use noopen middleware
2019-10-13 11:16:13,001 INFO 20940 [egg-security] use nosniff middleware
2019-10-13 11:16:13,001 INFO 20940 [egg-security] use xssProtection middleware
2019-10-13 11:16:13,002 INFO 20940 [egg-security] use xframe middleware
2019-10-13 11:16:13,002 INFO 20940 [egg-security] use dta middleware
2019-10-13 11:16:13,002 INFO 20940 [egg-security] compose 7 middlewares into one security middleware
2019-10-13 11:16:13,010 INFO 20940 [egg:core] dump config after load, 4ms
2019-10-13 11:16:13,020 INFO 20940 [egg-watcher:application] watcher start success
2019-10-13 11:16:13,026 INFO 20940 [egg:core] dump config after ready, 4ms
2019-10-13 11:22:32,714 INFO 19320 [egg:logger] init all loggers with options: {"dir":"C:\\mycode\\egg-example\\logs\\egg-example","encoding":"utf8","env":"local","level":"INFO","consoleLevel":"INFO","disableConsoleAfterReady":false,"outputJSON":false,"buffer":true,"appLogName":"egg-example-web.log","coreLogName":"egg-web.log","agentLogName":"egg-agent.log","errorLogName":"common-error.log","coreLogger":{"consoleLevel":"WARN"},"allowDebugAtProd":false,"type":"application"}
2019-10-13 11:22:32,747 INFO 19320 [egg-multipart] stream mode enable
2019-10-13 11:22:32,817 INFO 19320 [egg-static] starting static serve /public/ -> C:\mycode\egg-example\app\public
2019-10-13 11:22:32,819 INFO 19320 [egg-security] use csrf middleware
2019-10-13 11:22:32,820 INFO 19320 [egg-security] use methodnoallow middleware
2019-10-13 11:22:32,820 INFO 19320 [egg-security] use noopen middleware
2019-10-13 11:22:32,821 INFO 19320 [egg-security] use nosniff middleware
2019-10-13 11:22:32,821 INFO 19320 [egg-security] use xssProtection middleware
2019-10-13 11:22:32,822 INFO 19320 [egg-security] use xframe middleware
2019-10-13 11:22:32,822 INFO 19320 [egg-security] use dta middleware
2019-10-13 11:22:32,822 INFO 19320 [egg-security] compose 7 middlewares into one security middleware
2019-10-13 11:22:32,833 INFO 19320 [egg:core] dump config after load, 7ms
2019-10-13 11:22:32,842 INFO 19320 [egg-watcher:application] watcher start success
2019-10-13 11:22:32,849 INFO 19320 [egg:core] dump config after ready, 5ms
2019-10-13 11:22:33,933 INFO 20936 [egg:logger] init all loggers with options: {"dir":"C:\\mycode\\egg-example\\logs\\egg-example","encoding":"utf8","env":"local","level":"INFO","consoleLevel":"INFO","disableConsoleAfterReady":false,"outputJSON":false,"buffer":true,"appLogName":"egg-example-web.log","coreLogName":"egg-web.log","agentLogName":"egg-agent.log","errorLogName":"common-error.log","coreLogger":{"consoleLevel":"WARN"},"allowDebugAtProd":false,"type":"application"}
2019-10-13 11:22:33,956 INFO 20936 [egg-multipart] stream mode enable
2019-10-13 11:22:34,023 INFO 20936 [egg-static] starting static serve /public/ -> C:\mycode\egg-example\app\public
2019-10-13 11:22:34,027 INFO 20936 [egg-security] use csrf middleware
2019-10-13 11:22:34,028 INFO 20936 [egg-security] use methodnoallow middleware
2019-10-13 11:22:34,028 INFO 20936 [egg-security] use noopen middleware
2019-10-13 11:22:34,030 INFO 20936 [egg-security] use nosniff middleware
2019-10-13 11:22:34,030 INFO 20936 [egg-security] use xssProtection middleware
2019-10-13 11:22:34,031 INFO 20936 [egg-security] use xframe middleware
2019-10-13 11:22:34,031 INFO 20936 [egg-security] use dta middleware
2019-10-13 11:22:34,031 INFO 20936 [egg-security] compose 7 middlewares into one security middleware
2019-10-13 11:22:34,039 INFO 20936 [egg:core] dump config after load, 5ms
2019-10-13 11:22:34,051 INFO 20936 [egg-watcher:application] watcher start success
2019-10-13 11:22:34,059 INFO 20936 [egg:core] dump config after ready, 5ms
